This is e-pTeX, Version 3.14159265-p3.7.2-170924-2.6 (utf8.sjis) (TeX Live 2017/W32TeX) (preloaded format=platex 2017.9.27)  29 NOV 2017 15:04
entering extended mode
 restricted \write18 enabled.
 %&-line parsing enabled.
**./thesis.tex
(./thesis.tex
pLaTeX2e <2017/09/26> (based on LaTeX2e <2017-04-15>)
Babel <3.13> and hyphenation patterns for 84 language(s) loaded.

! LaTeX Error: File `iscs-thesis.cls' not found.

Type X to quit or <RETURN> to proceed,
or enter new name. (Default extension: cls)

Enter file name: 
! Emergency stop.
<read *> 
         
l.4 \etitle
           {Title in English}^^M
End of file on the terminal!

 
Here is how much of TeX's memory you used:
 10 strings out of 493635
 119 string characters out of 6150297
 55661 words of memory out of 5000000
 3699 multiletter control sequences out of 15000+600000
 7511 words of font info for 31 fonts, out of 8000000 for 9000
 929 hyphenation exceptions out of 8191
 10i,0n,7p,61b,8s stack positions out of 5000i,500n,10000p,500000b,80000s
No pages of output.
